<?xml version="1.0" encoding="utf-8"?><testsuites name="pytest tests"><testsuite name="pytest" errors="0" failures="0" skipped="0" tests="15" time="7.134" timestamp="2026-03-07T12:30:26.710504+00:00" hostname="agent-env-252ee9a4-96f6-443f-9b87-4cd9ecf9fd35"><testcase classname="backend.tests.test_new_crm_features.TestAuthAndBasics" name="test_admin_login" time="0.426" /><testcase classname="backend.tests.test_new_crm_features.TestAuthAndBasics" name="test_crm_login" time="0.325" /><testcase classname="backend.tests.test_new_crm_features.TestStoreCRMDashboard" name="test_store_crm_dashboard_returns_structure" time="0.440" /><testcase classname="backend.tests.test_new_crm_features.TestStoreCRMDashboard" name="test_store_crm_dashboard_with_date_filter" time="0.428" /><testcase classname="backend.tests.test_new_crm_features.TestStoreStaff" name="test_get_store_staff_returns_list" time="0.437" /><testcase classname="backend.tests.test_new_crm_features.TestStoreStaff" name="test_store_staff_with_store_filter" time="0.425" /><testcase classname="backend.tests.test_new_crm_features.TestStaffPerformance" name="test_staff_performance_returns_structure" time="0.453" /><testcase classname="backend.tests.test_new_crm_features.TestStaffPerformance" name="test_staff_performance_custom_period" time="0.460" /><testcase classname="backend.tests.test_new_crm_features.TestRefillDueEnhanced" name="test_refill_due_enhanced_returns_structure" time="0.452" /><testcase classname="backend.tests.test_new_crm_features.TestRefillDueEnhanced" name="test_refill_due_enhanced_item_fields" time="0.422" /><testcase classname="backend.tests.test_new_crm_features.TestRefillDueEnhanced" name="test_refill_due_enhanced_category_filter" time="0.749" /><testcase classname="backend.tests.test_new_crm_features.TestAssignStaff" name="test_assign_staff_requires_auth" time="0.138" /><testcase classname="backend.tests.test_new_crm_features.TestAssignStaff" name="test_assign_staff_requires_correct_role" time="0.449" /><testcase classname="backend.tests.test_new_crm_features.TestCustomerProfileAssignedStaff" name="test_customer_profile_has_assigned_staff_fields" time="0.681" /><testcase classname="backend.tests.test_new_crm_features.TestUserRoles" name="test_can_create_store_manager_user" time="0.780" /></testsuite></testsuites>