<?xml version="1.0" encoding="utf-8"?><testsuites name="pytest tests"><testsuite name="pytest" errors="0" failures="0" skipped="0" tests="15" time="5.420" timestamp="2026-03-07T11:45:00.366364+00:00" hostname="agent-env-252ee9a4-96f6-443f-9b87-4cd9ecf9fd35"><testcase classname="backend.tests.test_crm_medication_tracking.TestCRMAuthentication" name="test_admin_login" time="0.376" /><testcase classname="backend.tests.test_crm_medication_tracking.TestCRMAuthentication" name="test_crm_login" time="0.333" /><testcase classname="backend.tests.test_crm_medication_tracking.TestCustomerManagement" name="test_get_stores" time="0.424" /><testcase classname="backend.tests.test_crm_medication_tracking.TestCustomerManagement" name="test_create_walkin_customer" time="0.231" /><testcase classname="backend.tests.test_crm_medication_tracking.TestCustomerManagement" name="test_get_customer_profile" time="0.220" /><testcase classname="backend.tests.test_crm_medication_tracking.TestCustomerManagement" name="test_convert_walkin_to_rc" time="0.423" /><testcase classname="backend.tests.test_crm_medication_tracking.TestMedicationTracking" name="test_add_medicine_with_full_details" time="0.668" /><testcase classname="backend.tests.test_crm_medication_tracking.TestMedicationTracking" name="test_verify_medicine_in_calendar" time="0.108" /><testcase classname="backend.tests.test_crm_medication_tracking.TestMedicationTracking" name="test_update_medication_details" time="0.334" /><testcase classname="backend.tests.test_crm_medication_tracking.TestMedicationTracking" name="test_stop_medicine" time="0.458" /><testcase classname="backend.tests.test_crm_medication_tracking.TestCallLogging" name="test_log_call_reached" time="0.541" /><testcase classname="backend.tests.test_crm_medication_tracking.TestCallLogging" name="test_call_appears_in_timeline" time="0.222" /><testcase classname="backend.tests.test_crm_medication_tracking.TestCRMDashboard" name="test_crm_dashboard_stats" time="0.433" /><testcase classname="backend.tests.test_crm_medication_tracking.TestCRMDashboard" name="test_refill_due_list" time="0.104" /><testcase classname="backend.tests.test_crm_medication_tracking.TestExistingCustomerProfile" name="test_customer_1_profile" time="0.456" /></testsuite></testsuites>